Feb-14 16:58:01.485 [main] DEBUG nextflow.cli.Launcher - $> nextflow run main_scrnaseq.nf ' #-resume' --WD /camp/stp/babs/working/schneid/projects/sahaie/giovanni.giangreco/Characterisation_of_CAF_in_HPV_cancer_scrnaseq/ --outdir /camp/stp/babs/working/schneid/projects/sahaie/giovanni.giangreco/Characterisation_of_CAF_in_HPV_cancer_scrnaseq/Data_interim_files_2 --outscv /camp/stp/babs/working/schneid/projects/sahaie/giovanni.giangreco/Characterisation_of_CAF_in_HPV_cancer_scrnaseq/scviewer_files_G2M -work-dir /camp/stp/babs/scratch/schneid/SC21137_CAF_HPV_G2M/
Feb-14 16:58:01.569 [main] INFO  nextflow.cli.CmdRun - N E X T F L O W  ~  version 22.04.0
Feb-14 16:58:01.591 [main] DEBUG nextflow.config.ConfigBuilder - Found config local: /camp/stp/babs/working/schneid/projects/sahaie/giovanni.giangreco/Characterisation_of_CAF_in_HPV_cancer_scrnaseq/NF_scRNAseq/nextflow.config
Feb-14 16:58:01.592 [main] DEBUG nextflow.config.ConfigBuilder - Parsing config file: /camp/stp/babs/working/schneid/projects/sahaie/giovanni.giangreco/Characterisation_of_CAF_in_HPV_cancer_scrnaseq/NF_scRNAseq/nextflow.config
Feb-14 16:58:01.616 [main] DEBUG nextflow.config.ConfigBuilder - Applying config profile: `standard`
Feb-14 16:58:02.295 [main] INFO  nextflow.cli.CmdRun - Launching `main_scrnaseq.nf` [infallible_heisenberg] DSL2 - revision: dd4b431acb
Feb-14 16:58:02.309 [main] DEBUG nextflow.plugin.PluginsFacade - Setting up plugin manager > mode=prod; plugins-dir=/camp/home/schneid/.nextflow/plugins; core-plugins: nf-amazon@1.7.1,nf-azure@0.13.1,nf-console@1.0.3,nf-ga4gh@1.0.3,nf-google@1.1.4,nf-sqldb@0.4.0,nf-tower@1.4.0
Feb-14 16:58:02.312 [main] DEBUG nextflow.plugin.PluginsFacade - Plugins default=[]
Feb-14 16:58:02.327 [main] INFO  org.pf4j.DefaultPluginStatusProvider - Enabled plugins: []
Feb-14 16:58:02.328 [main] INFO  org.pf4j.DefaultPluginStatusProvider - Disabled plugins: []
Feb-14 16:58:02.332 [main] INFO  org.pf4j.DefaultPluginManager - PF4J version 3.4.1 in 'deployment' mode
Feb-14 16:58:02.342 [main] INFO  org.pf4j.AbstractPluginManager - No plugins
Feb-14 16:58:02.429 [main] DEBUG nextflow.Session - Session uuid: a2df2c4c-9977-4bb3-873b-2696d752fcc9
Feb-14 16:58:02.429 [main] DEBUG nextflow.Session - Run name: infallible_heisenberg
Feb-14 16:58:02.430 [main] DEBUG nextflow.Session - Executor pool size: 32
Feb-14 16:58:02.510 [main] DEBUG nextflow.cli.CmdRun - 
  Version: 22.04.0 build 5697
  Created: 23-04-2022 18:00 UTC (19:00 BST)
  System: Linux 3.10.0-1160.62.1.el7.x86_64
  Runtime: Groovy 3.0.10 on OpenJDK 64-Bit Server VM 11.0.2+9
  Encoding: UTF-8 (UTF-8)
  Process: 28015@babs000 [10.28.4.18]
  CPUs: 32 - Mem: 251.1 GB (163.7 GB) - Swap: 8 GB (4.3 MB)
Feb-14 16:58:02.549 [main] DEBUG nextflow.Session - Work-dir: /camp/stp/babs/scratch/schneid/SC21137_CAF_HPV_G2M [gpfs]
Feb-14 16:58:02.550 [main] DEBUG nextflow.Session - Script base path does not exist or is not a directory: /camp/stp/babs/working/schneid/projects/sahaie/giovanni.giangreco/Characterisation_of_CAF_in_HPV_cancer_scrnaseq/NF_scRNAseq/bin
Feb-14 16:58:02.560 [main] DEBUG nextflow.executor.ExecutorFactory - Extension executors providers=[]
Feb-14 16:58:02.571 [main] DEBUG nextflow.Session - Observer factory: DefaultObserverFactory
Feb-14 16:58:02.590 [main] DEBUG nextflow.cache.CacheFactory - Using Nextflow cache factory: nextflow.cache.DefaultCacheFactory
Feb-14 16:58:02.602 [main] DEBUG nextflow.util.CustomThreadPool - Creating default thread pool > poolSize: 33; maxThreads: 1000
Feb-14 16:58:02.730 [main] DEBUG nextflow.Session - Session start invoked
Feb-14 16:58:03.202 [main] DEBUG nextflow.script.ScriptRunner - > Launching execution
Feb-14 16:58:03.603 [main] DEBUG nextflow.executor.ExecutorFactory - << taskConfig executor: slurm
Feb-14 16:58:03.603 [main] DEBUG nextflow.executor.ExecutorFactory - >> processorType: 'slurm'
Feb-14 16:58:03.612 [main] DEBUG nextflow.executor.Executor - [warm up] executor > slurm
Feb-14 16:58:03.619 [main] DEBUG n.processor.TaskPollingMonitor - Creating task monitor for executor 'slurm' > capacity: 100; pollInterval: 5s; dumpInterval: 5m 
Feb-14 16:58:03.623 [main] DEBUG n.executor.AbstractGridExecutor - Creating executor 'slurm' > queue-stat-interval: 1m
Feb-14 16:58:03.707 [main] DEBUG nextflow.executor.ExecutorFactory - << taskConfig executor: slurm
Feb-14 16:58:03.707 [main] DEBUG nextflow.executor.ExecutorFactory - >> processorType: 'slurm'
Feb-14 16:58:03.750 [main] DEBUG nextflow.executor.ExecutorFactory - << taskConfig executor: slurm
Feb-14 16:58:03.750 [main] DEBUG nextflow.executor.ExecutorFactory - >> processorType: 'slurm'
Feb-14 16:58:03.770 [main] DEBUG nextflow.executor.ExecutorFactory - << taskConfig executor: slurm
Feb-14 16:58:03.770 [main] DEBUG nextflow.executor.ExecutorFactory - >> processorType: 'slurm'
Feb-14 16:58:03.777 [main] DEBUG nextflow.executor.ExecutorFactory - << taskConfig executor: slurm
Feb-14 16:58:03.777 [main] DEBUG nextflow.executor.ExecutorFactory - >> processorType: 'slurm'
Feb-14 16:58:03.782 [main] DEBUG nextflow.executor.ExecutorFactory - << taskConfig executor: slurm
Feb-14 16:58:03.782 [main] DEBUG nextflow.executor.ExecutorFactory - >> processorType: 'slurm'
Feb-14 16:58:03.785 [main] DEBUG nextflow.script.ProcessConfig - Config settings `withName:make_scv_file` matches process make_scv_file
Feb-14 16:58:03.786 [main] DEBUG nextflow.executor.ExecutorFactory - << taskConfig executor: slurm
Feb-14 16:58:03.786 [main] DEBUG nextflow.executor.ExecutorFactory - >> processorType: 'slurm'
Feb-14 16:58:03.803 [main] DEBUG nextflow.executor.ExecutorFactory - << taskConfig executor: slurm
Feb-14 16:58:03.803 [main] DEBUG nextflow.executor.ExecutorFactory - >> processorType: 'slurm'
Feb-14 16:58:03.808 [main] DEBUG nextflow.Session - Workflow process names [dsl2]: SCRUBLET:anndata_seurat, seurat_anndata, make_scv_file, lead_cluster_markers, unpack_CellRanger, integration, anndata_seurat, scrublet, SCRUBLET:seurat_anndata, SCRUBLET:scrublet, process_1, LEAD_MARKERS:lead_cluster_markers
Feb-14 16:58:03.809 [main] DEBUG nextflow.Session - Ignite dataflow network (9)
Feb-14 16:58:03.810 [main] DEBUG nextflow.processor.TaskProcessor - Starting process > unpack_CellRanger
Feb-14 16:58:03.810 [main] DEBUG nextflow.processor.TaskProcessor - Starting process > SCRUBLET:seurat_anndata
Feb-14 16:58:03.811 [main] DEBUG nextflow.processor.TaskProcessor - Starting process > SCRUBLET:scrublet
Feb-14 16:58:03.812 [main] DEBUG nextflow.processor.TaskProcessor - Starting process > SCRUBLET:anndata_seurat
Feb-14 16:58:03.813 [main] DEBUG nextflow.processor.TaskProcessor - Starting process > process_1
Feb-14 16:58:03.814 [main] DEBUG nextflow.processor.TaskProcessor - Starting process > integration
Feb-14 16:58:03.815 [main] DEBUG nextflow.processor.TaskProcessor - Starting process > make_scv_file
Feb-14 16:58:03.815 [main] DEBUG nextflow.processor.TaskProcessor - Starting process > LEAD_MARKERS:lead_cluster_markers
Feb-14 16:58:03.816 [main] DEBUG nextflow.script.ScriptRunner - > Await termination 
Feb-14 16:58:03.816 [main] DEBUG nextflow.Session - Session await
Feb-14 16:58:03.899 [Actor Thread 19] DEBUG nextflow.conda.CondaCache - conda found local env for environment=/camp/stp/babs/working/schneid/conda/envs/R-4.2-Seurat; path=/camp/stp/babs/working/schneid/conda/envs/R-4.2-Seurat
Feb-14 16:58:04.521 [Task submitter] DEBUG nextflow.executor.GridTaskHandler - [SLURM] submitted process unpack_CellRanger > jobId: 49306874; workDir: /camp/stp/babs/scratch/schneid/SC21137_CAF_HPV_G2M/85/9e6682137105b5cccf0622a4c79fe7
Feb-14 16:58:04.522 [Task submitter] INFO  nextflow.Session - [85/9e6682] Submitted process > unpack_CellRanger
Feb-14 17:03:08.647 [Task monitor] DEBUG n.processor.TaskPollingMonitor - !! executor slurm > tasks to be completed: 1 -- submitted tasks are shown below
~> TaskHandler[jobId: 49306874; id: 1; name: unpack_CellRanger; status: SUBMITTED; exit: -; error: -; workDir: /camp/stp/babs/scratch/schneid/SC21137_CAF_HPV_G2M/85/9e6682137105b5cccf0622a4c79fe7 started: -; exited: -; ]
Feb-14 17:08:08.662 [Task monitor] DEBUG n.processor.TaskPollingMonitor - !! executor slurm > tasks to be completed: 1 -- submitted tasks are shown below
~> TaskHandler[jobId: 49306874; id: 1; name: unpack_CellRanger; status: SUBMITTED; exit: -; error: -; workDir: /camp/stp/babs/scratch/schneid/SC21137_CAF_HPV_G2M/85/9e6682137105b5cccf0622a4c79fe7 started: -; exited: -; ]
Feb-14 17:13:08.677 [Task monitor] DEBUG n.processor.TaskPollingMonitor - !! executor slurm > tasks to be completed: 1 -- submitted tasks are shown below
~> TaskHandler[jobId: 49306874; id: 1; name: unpack_CellRanger; status: SUBMITTED; exit: -; error: -; workDir: /camp/stp/babs/scratch/schneid/SC21137_CAF_HPV_G2M/85/9e6682137105b5cccf0622a4c79fe7 started: -; exited: -; ]
Feb-14 17:18:09.279 [Task monitor] DEBUG n.processor.TaskPollingMonitor - !! executor slurm > tasks to be completed: 1 -- submitted tasks are shown below
~> TaskHandler[jobId: 49306874; id: 1; name: unpack_CellRanger; status: SUBMITTED; exit: -; error: -; workDir: /camp/stp/babs/scratch/schneid/SC21137_CAF_HPV_G2M/85/9e6682137105b5cccf0622a4c79fe7 started: -; exited: -; ]
Feb-14 17:23:09.291 [Task monitor] DEBUG n.processor.TaskPollingMonitor - !! executor slurm > tasks to be completed: 1 -- submitted tasks are shown below
~> TaskHandler[jobId: 49306874; id: 1; name: unpack_CellRanger; status: SUBMITTED; exit: -; error: -; workDir: /camp/stp/babs/scratch/schneid/SC21137_CAF_HPV_G2M/85/9e6682137105b5cccf0622a4c79fe7 started: -; exited: -; ]
Feb-14 17:28:09.301 [Task monitor] DEBUG n.processor.TaskPollingMonitor - !! executor slurm > tasks to be completed: 1 -- submitted tasks are shown below
~> TaskHandler[jobId: 49306874; id: 1; name: unpack_CellRanger; status: SUBMITTED; exit: -; error: -; workDir: /camp/stp/babs/scratch/schneid/SC21137_CAF_HPV_G2M/85/9e6682137105b5cccf0622a4c79fe7 started: -; exited: -; ]
Feb-14 17:33:09.313 [Task monitor] DEBUG n.processor.TaskPollingMonitor - !! executor slurm > tasks to be completed: 1 -- submitted tasks are shown below
~> TaskHandler[jobId: 49306874; id: 1; name: unpack_CellRanger; status: SUBMITTED; exit: -; error: -; workDir: /camp/stp/babs/scratch/schneid/SC21137_CAF_HPV_G2M/85/9e6682137105b5cccf0622a4c79fe7 started: -; exited: -; ]
